INFO:root:Reading source image 1.jpg
INFO:root:Reading source image 2.jpg
INFO:root:Reading source image 3.jpg
INFO:root:Reading source image 4.jpg
INFO:root:Reading source image 5.jpg
INFO:root:Reading source image 6.jpg
INFO:root:Reading source image 1.jpg
INFO:root:Reading source image 2.jpg
INFO:root:Reading source image 3.jpg
INFO:root:Reading source image 4.jpg
INFO:root:Reading source image 5.jpg
INFO:root:Reading source image 6.jpg
INFO:root:Reading source image 1.jpg
INFO:root:Reading source image 2.jpg
INFO:root:Reading source image 3.jpg
INFO:root:Reading source image 4.jpg
INFO:root:Reading source image 5.jpg
INFO:root:Reading source image 6.jpg
INFO:root:Reading source image 1.jpg
INFO:root:Reading source image 2.jpg
INFO:root:Reading source image 3.jpg
INFO:root:Reading source image 4.jpg
INFO:root:Reading source image 5.jpg
INFO:root:Reading source image 1.jpg
INFO:root:Reading source image 2.jpg
INFO:root:Reading source image 3.jpg
INFO:root:Reading source image 4.jpg
INFO:root:Reading source image 5.jpg
INFO:root:Reading source image 6.png
INFO:root:Reading source image 1.jpg
INFO:root:Reading source image 2.jpg
INFO:root:Reading source image 3.jpg
INFO:root:Reading source image 4.jpg
INFO:root:Reading source image 5.jpg
INFO:root:Reading source image 6.png
INFO:root:Reading source image 7.png
INFO:root:Reading source image 8.png
INFO:root:Reading source image 1.jpg
INFO:root:Reading source image 2.jpg
INFO:root:Reading source image 3.jpg
INFO:root:Reading source image 4.jpg
INFO:root:Reading source image 5.jpg
INFO:root:Reading source image 6.png
INFO:root:Reading source image 7.png
INFO:root:Reading source image 8.png
INFO:root:Reading source image 1.jpg
INFO:root:Reading source image 2.jpg
INFO:root:Reading source image 3.jpg
INFO:root:Reading source image 4.jpg
INFO:root:Reading source image 5.jpg
INFO:root:Reading source image 6.png
INFO:root:Reading source image 7.png
INFO:root:Reading source image 8.png
INFO:root:Reading source image 1.jpg
INFO:root:Reading source image 2.jpg
INFO:root:Reading source image 3.jpg
INFO:root:Reading source image 4.jpg
INFO:root:Reading source image 5.jpg
INFO:root:Reading source image 6.png
INFO:root:Reading source image 7.png
INFO:root:Reading source image 8.png
INFO:root:Reading source image 1.jpg
INFO:root:Reading source image 2.jpg
INFO:root:Reading source image 3.jpg
INFO:root:Reading source image 4.jpg
INFO:root:Reading source image 5.jpg
INFO:root:Reading source image 6.png
INFO:root:Reading source image 7.png
INFO:root:Reading source image 8.png
INFO:root:Reading source image 1.jpg
INFO:root:Reading source image 2.jpg
INFO:root:Reading source image 3.jpg
INFO:root:Reading source image 4.jpg
INFO:root:Reading source image 5.jpg
INFO:root:Reading source image 6.png
INFO:root:Reading source image 7.png
INFO:root:Reading source image 8.png
INFO:root:Reading source image 9.png
INFO:root:Reading source image 1.jpg
INFO:root:Reading source image 2.jpg
INFO:root:Reading source image 3.jpg
INFO:root:Reading source image 4.jpg
INFO:root:Reading source image 5.jpg
INFO:root:Reading source image 6.png
INFO:root:Reading source image 7.png
INFO:root:Reading source image 8.png
INFO:root:Reading source image 9.png
INFO:root:Reading source image box.png
INFO:root:Reading source image 1img_templates.img_templatesjimg_templatespimg_templatesg
INFO:root:Reading source image 2img_templates.img_templatesjimg_templatespimg_templatesg
INFO:root:Reading source image 3img_templates.img_templatesjimg_templatespimg_templatesg
INFO:root:Reading source image 4img_templates.img_templatesjimg_templatespimg_templatesg
INFO:root:Reading source image 5img_templates.img_templatesjimg_templatespimg_templatesg
INFO:root:Reading source image 6img_templates.img_templatespimg_templatesnimg_templatesg
INFO:root:Reading source image 7img_templates.img_templatespimg_templatesnimg_templatesg
INFO:root:Reading source image 8img_templates.img_templatespimg_templatesnimg_templatesg
INFO:root:Reading source image 9img_templates.img_templatespimg_templatesnimg_templatesg
INFO:root:Reading source image bimg_templatesoimg_templatesximg_templates.img_templatespimg_templatesnimg_templatesg
INFO:root:Reading source image limg_templatesiimg_templatesnimg_templatesgimg_templatesqimg_templatesuimg_templates.img_templatesjimg_templatespimg_templatesg
INFO:root:Reading source image 1img_templates.img_templatesjimg_templatespimg_templatesg
INFO:root:Reading source image 2img_templates.img_templatesjimg_templatespimg_templatesg
INFO:root:Reading source image 3img_templates.img_templatesjimg_templatespimg_templatesg
INFO:root:Reading source image 4img_templates.img_templatesjimg_templatespimg_templatesg
INFO:root:Reading source image 5img_templates.img_templatesjimg_templatespimg_templatesg
INFO:root:Reading source image 6img_templates.img_templatespimg_templatesnimg_templatesg
INFO:root:Reading source image 7img_templates.img_templatespimg_templatesnimg_templatesg
INFO:root:Reading source image 8img_templates.img_templatespimg_templatesnimg_templatesg
INFO:root:Reading source image 9img_templates.img_templatespimg_templatesnimg_templatesg
INFO:root:Reading source image bimg_templatesoimg_templatesximg_templates.img_templatespimg_templatesnimg_templatesg
INFO:root:Reading source image limg_templatesiimg_templatesnimg_templatesgimg_templatesqimg_templatesuimg_templates.img_templatesjimg_templatespimg_templatesg
INFO:root:Reading source image 1/img_templates/./img_templates/j/img_templates/p/img_templates/g
INFO:root:Reading source image 2/img_templates/./img_templates/j/img_templates/p/img_templates/g
INFO:root:Reading source image 3/img_templates/./img_templates/j/img_templates/p/img_templates/g
INFO:root:Reading source image 4/img_templates/./img_templates/j/img_templates/p/img_templates/g
INFO:root:Reading source image 5/img_templates/./img_templates/j/img_templates/p/img_templates/g
INFO:root:Reading source image 6/img_templates/./img_templates/p/img_templates/n/img_templates/g
INFO:root:Reading source image 7/img_templates/./img_templates/p/img_templates/n/img_templates/g
INFO:root:Reading source image 8/img_templates/./img_templates/p/img_templates/n/img_templates/g
INFO:root:Reading source image 9/img_templates/./img_templates/p/img_templates/n/img_templates/g
INFO:root:Reading source image b/img_templates/o/img_templates/x/img_templates/./img_templates/p/img_templates/n/img_templates/g
INFO:root:Reading source image l/img_templates/i/img_templates/n/img_templates/g/img_templates/q/img_templates/u/img_templates/./img_templates/j/img_templates/p/img_templates/g
INFO:root:Reading source image 1.jpg
INFO:root:Reading source image 2.jpg
INFO:root:Reading source image 3.jpg
INFO:root:Reading source image 4.jpg
INFO:root:Reading source image 5.jpg
INFO:root:Reading source image 6.png
INFO:root:Reading source image 7.png
INFO:root:Reading source image 8.png
INFO:root:Reading source image 9.png
INFO:root:Reading source image box.png
INFO:root:Reading source image 1.jpg
INFO:root:Reading source image 2.jpg
INFO:root:Reading source image 3.jpg
INFO:root:Reading source image 4.jpg
INFO:root:Reading source image 5.jpg
INFO:root:Reading source image 6.png
INFO:root:Reading source image 7.png
INFO:root:Reading source image 8.png
INFO:root:Reading source image 9.png
INFO:root:Reading source image box.png
INFO:root:Reading source image lingqu.jpg
INFO:root:Reading source image C:\Users\YabinLabtop\Desktop\dzg jiao wo\call_me_DZG_judger_for_HuBiaoTasks\宴会傻瓜脚本\img_templates\1.jpg
INFO:root:Reading source image C:\Users\YabinLabtop\Desktop\dzg jiao wo\call_me_DZG_judger_for_HuBiaoTasks\宴会傻瓜脚本\img_templates\2.jpg
INFO:root:Reading source image C:\Users\YabinLabtop\Desktop\dzg jiao wo\call_me_DZG_judger_for_HuBiaoTasks\宴会傻瓜脚本\img_templates\3.jpg
INFO:root:Reading source image C:\Users\YabinLabtop\Desktop\dzg jiao wo\call_me_DZG_judger_for_HuBiaoTasks\宴会傻瓜脚本\img_templates\4.jpg
INFO:root:Reading source image C:\Users\YabinLabtop\Desktop\dzg jiao wo\call_me_DZG_judger_for_HuBiaoTasks\宴会傻瓜脚本\img_templates\5.jpg
INFO:root:Reading source image C:\Users\YabinLabtop\Desktop\dzg jiao wo\call_me_DZG_judger_for_HuBiaoTasks\宴会傻瓜脚本\img_templates\6.png
INFO:root:Reading source image C:\Users\YabinLabtop\Desktop\dzg jiao wo\call_me_DZG_judger_for_HuBiaoTasks\宴会傻瓜脚本\img_templates\7.png
INFO:root:Reading source image C:\Users\YabinLabtop\Desktop\dzg jiao wo\call_me_DZG_judger_for_HuBiaoTasks\宴会傻瓜脚本\img_templates\8.png
INFO:root:Reading source image C:\Users\YabinLabtop\Desktop\dzg jiao wo\call_me_DZG_judger_for_HuBiaoTasks\宴会傻瓜脚本\img_templates\9.png
INFO:root:Reading source image C:\Users\YabinLabtop\Desktop\dzg jiao wo\call_me_DZG_judger_for_HuBiaoTasks\宴会傻瓜脚本\img_templates\box.png
INFO:root:Reading source image C:\Users\YabinLabtop\Desktop\dzg jiao wo\call_me_DZG_judger_for_HuBiaoTasks\宴会傻瓜脚本\img_templates\lingqu.jpg
INFO:root:Reading source image C:\Users\YabinLabtop\Desktop\dzg jiao wo\call_me_DZG_judger_for_HuBiaoTasks\宴会傻瓜脚本\img_templates\1.jpg
INFO:root:Reading source image C:\Users\YabinLabtop\Desktop\dzg jiao wo\call_me_DZG_judger_for_HuBiaoTasks\宴会傻瓜脚本\img_templates\2.jpg
INFO:root:Reading source image C:\Users\YabinLabtop\Desktop\dzg jiao wo\call_me_DZG_judger_for_HuBiaoTasks\宴会傻瓜脚本\img_templates\3.jpg
INFO:root:Reading source image C:\Users\YabinLabtop\Desktop\dzg jiao wo\call_me_DZG_judger_for_HuBiaoTasks\宴会傻瓜脚本\img_templates\4.jpg
INFO:root:Reading source image C:\Users\YabinLabtop\Desktop\dzg jiao wo\call_me_DZG_judger_for_HuBiaoTasks\宴会傻瓜脚本\img_templates\5.jpg
INFO:root:Reading source image C:\Users\YabinLabtop\Desktop\dzg jiao wo\call_me_DZG_judger_for_HuBiaoTasks\宴会傻瓜脚本\img_templates\6.png
INFO:root:Reading source image C:\Users\YabinLabtop\Desktop\dzg jiao wo\call_me_DZG_judger_for_HuBiaoTasks\宴会傻瓜脚本\img_templates\7.png
INFO:root:Reading source image C:\Users\YabinLabtop\Desktop\dzg jiao wo\call_me_DZG_judger_for_HuBiaoTasks\宴会傻瓜脚本\img_templates\8.png
INFO:root:Reading source image C:\Users\YabinLabtop\Desktop\dzg jiao wo\call_me_DZG_judger_for_HuBiaoTasks\宴会傻瓜脚本\img_templates\9.png
INFO:root:Reading source image C:\Users\YabinLabtop\Desktop\dzg jiao wo\call_me_DZG_judger_for_HuBiaoTasks\宴会傻瓜脚本\img_templates\box.png
INFO:root:Reading source image C:\Users\YabinLabtop\Desktop\dzg jiao wo\call_me_DZG_judger_for_HuBiaoTasks\宴会傻瓜脚本\img_templates\lingqu.jpg
INFO:root:Reading source image img_templates\1.jpg
INFO:root:Reading source image img_templates\2.jpg
INFO:root:Reading source image img_templates\3.jpg
INFO:root:Reading source image img_templates\4.jpg
INFO:root:Reading source image img_templates\5.jpg
INFO:root:Reading source image img_templates\6.png
INFO:root:Reading source image img_templates\7.png
INFO:root:Reading source image img_templates\8.png
INFO:root:Reading source image img_templates\9.png
INFO:root:Reading source image img_templates\box.png
INFO:root:Reading source image img_templates\lingqu.jpg
INFO:root:Reading source image img_templates\1.jpg
INFO:root:Reading source image img_templates\2.jpg
INFO:root:Reading source image img_templates\3.jpg
INFO:root:Reading source image img_templates\4.jpg
INFO:root:Reading source image img_templates\5.jpg
INFO:root:Reading source image img_templates\6.png
INFO:root:Reading source image img_templates\7.png
INFO:root:Reading source image img_templates\8.png
INFO:root:Reading source image img_templates\9.png
INFO:root:Reading source image img_templates\box.png
INFO:root:Reading source image img_templates\fu_yan.png
INFO:root:Reading source image img_templates\lingqu.jpg
INFO:root:Reading source image img_templates\1.jpg
INFO:root:Reading source image img_templates\2.jpg
INFO:root:Reading source image img_templates\4.jpg
INFO:root:Reading source image img_templates\5.jpg
INFO:root:Reading source image img_templates\6.png
INFO:root:Reading source image img_templates\7.png
INFO:root:Reading source image img_templates\8.png
INFO:root:Reading source image img_templates\9.png
INFO:root:Reading source image img_templates\box.png
INFO:root:Reading source image img_templates\fu_yan.png
INFO:root:Reading source image img_templates\lingqu.jpg
INFO:root:Reading source image img_templates\open_box.png
INFO:root:Reading source image img_templates\1.jpg
INFO:root:Reading source image img_templates\2.jpg
INFO:root:Reading source image img_templates\4.jpg
INFO:root:Reading source image img_templates\5.jpg
INFO:root:Reading source image img_templates\6.png
INFO:root:Reading source image img_templates\7.png
INFO:root:Reading source image img_templates\8.png
INFO:root:Reading source image img_templates\9.png
INFO:root:Reading source image img_templates\box.png
INFO:root:Reading source image img_templates\fu_yan.png
INFO:root:Reading source image img_templates\lingqu.jpg
INFO:root:Reading source image img_templates\open_box.png
INFO:root:Reading source image img_templates\yi_jian_ling_qu.png
INFO:root:Reading source image img_templates\1.jpg
INFO:root:Reading source image img_templates\2.jpg
INFO:root:Reading source image img_templates\4.jpg
INFO:root:Reading source image img_templates\5.jpg
INFO:root:Reading source image img_templates\6.png
INFO:root:Reading source image img_templates\7.png
INFO:root:Reading source image img_templates\8.png
INFO:root:Reading source image img_templates\9.png
INFO:root:Reading source image img_templates\box.png
INFO:root:Reading source image img_templates\fu_yan.png
INFO:root:Reading source image img_templates\lingqu.jpg
INFO:root:Reading source image img_templates\open_box.png
INFO:root:Reading source image img_templates\yi_jian_ling_qu.png
INFO:root:Reading source image img_templates\1.jpg
INFO:root:Reading source image img_templates\2.jpg
INFO:root:Reading source image img_templates\4.jpg
INFO:root:Reading source image img_templates\5.jpg
INFO:root:Reading source image img_templates\6.png
INFO:root:Reading source image img_templates\7.png
INFO:root:Reading source image img_templates\8.png
INFO:root:Reading source image img_templates\9.png
INFO:root:Reading source image img_templates\box.png
INFO:root:Reading source image img_templates\fu_yan.png
INFO:root:Reading source image img_templates\lingqu.jpg
INFO:root:Reading source image img_templates\open_box.png
INFO:root:Reading source image img_templates\yi_jian_ling_qu.png
INFO:root:Reading source image img_templates\cai_shen_test.png
INFO:root:Reading source image img_templates\fu_yan.png
INFO:root:Reading source image img_templates\fu_yan1.jpg
INFO:root:Reading source image img_templates\lingqu.jpg
INFO:root:Reading source image img_templates\open_box.png
INFO:root:Reading source image img_templates\open_box2.png
INFO:root:Reading source image img_templates\ru_zuo2.jpg
INFO:root:Reading source image img_templates\x1.jpg
INFO:root:Reading source image img_templates\x2.png
INFO:root:Reading source image img_templates\x3.png
INFO:root:Reading source image img_templates\yi_jian_ling_qu.png
INFO:root:Reading source image img_templates\yi_jian_ling_qu2.jpg
INFO:root:Reading source image img_templates\yi_jian_ling_qu3.png
INFO:root:当前时间是 2024-04-14 00:18:04.555304，现在识别到了图片1，准确率是 0.8209617733955383
INFO:root:Reading source image img_templates\cai_shen_test.png
INFO:root:Reading source image img_templates\fu_yan.png
INFO:root:Reading source image img_templates\fu_yan1.jpg
INFO:root:Reading source image img_templates\lingqu.jpg
INFO:root:Reading source image img_templates\open_box.png
INFO:root:Reading source image img_templates\open_box2.png
INFO:root:Reading source image img_templates\open_box3.png
INFO:root:Reading source image img_templates\ru_zuo2.jpg
INFO:root:Reading source image img_templates\x1.jpg
INFO:root:Reading source image img_templates\x2.png
INFO:root:Reading source image img_templates\x3.png
INFO:root:Reading source image img_templates\yi_jian_ling_qu.png
INFO:root:Reading source image img_templates\yi_jian_ling_qu2.jpg
INFO:root:Reading source image img_templates\yi_jian_ling_qu3.png
